TN:
SF:/Users/jgiven/dvl/webapps/Work/vitruvius2.0/src/components/button.js
FN:7,(anonymous_0)
FN:18,(anonymous_1)
FN:24,(anonymous_2)
FN:28,(anonymous_3)
FN:31,(anonymous_4)
FN:37,(anonymous_5)
FN:41,(anonymous_6)
FN:53,(anonymous_7)
FNF:8
FNH:8
FNDA:1,(anonymous_0)
FNDA:6,(anonymous_1)
FNDA:6,(anonymous_2)
FNDA:6,(anonymous_3)
FNDA:7,(anonymous_4)
FNDA:6,(anonymous_5)
FNDA:6,(anonymous_6)
FNDA:6,(anonymous_7)
DA:8,1
DA:19,6
DA:20,6
DA:25,6
DA:29,6
DA:30,6
DA:31,6
DA:32,7
DA:34,6
DA:38,6
DA:42,6
DA:43,6
DA:44,1
DA:46,6
DA:47,2
DA:49,4
DA:54,6
DA:60,1
LF:18
LH:18
BRDA:20,0,0,6
BRDA:20,0,1,6
BRDA:38,1,0,1
BRDA:38,1,1,5
BRDA:43,2,0,1
BRDA:43,2,1,5
BRDA:46,3,0,2
BRDA:46,3,1,4
BRDA:47,4,0,2
BRDA:47,4,1,2
BRDA:47,5,0,2
BRDA:47,5,1,2
BRDA:49,6,0,4
BRDA:49,6,1,4
BRF:14
BRH:14
end_of_record
TN:
SF:/Users/jgiven/dvl/webapps/Work/vitruvius2.0/src/components/card.js
FN:8,(anonymous_0)
FN:19,(anonymous_1)
FN:24,(anonymous_2)
FN:28,(anonymous_3)
FN:32,(anonymous_4)
FN:38,(anonymous_5)
FN:44,(anonymous_6)
FN:54,(anonymous_7)
FN:68,(anonymous_8)
FN:72,(anonymous_9)
FN:75,(anonymous_10)
FN:83,(anonymous_11)
FNF:12
FNH:12
FNDA:1,(anonymous_0)
FNDA:6,(anonymous_1)
FNDA:6,(anonymous_2)
FNDA:6,(anonymous_3)
FNDA:5,(anonymous_4)
FNDA:4,(anonymous_5)
FNDA:6,(anonymous_6)
FNDA:6,(anonymous_7)
FNDA:6,(anonymous_8)
FNDA:6,(anonymous_9)
FNDA:1,(anonymous_10)
FNDA:6,(anonymous_11)
DA:9,1
DA:20,6
DA:25,6
DA:29,6
DA:30,5
DA:31,5
DA:32,5
DA:33,5
DA:35,5
DA:39,4
DA:40,3
DA:45,6
DA:46,1
DA:55,6
DA:56,4
DA:58,4
DA:69,6
DA:73,6
DA:74,6
DA:75,1
DA:76,1
DA:78,1
DA:79,1
DA:85,6
DA:98,1
LF:25
LH:25
BRDA:29,0,0,1
BRDA:29,0,1,5
BRDA:39,1,0,3
BRDA:39,1,1,1
BRDA:45,2,0,1
BRDA:45,2,1,5
BRDA:55,3,0,4
BRDA:55,3,1,2
BRDA:56,4,0,1
BRDA:56,4,1,3
BRDA:74,5,0,1
BRDA:74,5,1,5
BRF:12
BRH:12
end_of_record
TN:
SF:/Users/jgiven/dvl/webapps/Work/vitruvius2.0/src/components/checkbox.js
FN:7,(anonymous_0)
FN:18,(anonymous_1)
FN:23,(anonymous_2)
FN:27,(anonymous_3)
FN:31,(anonymous_4)
FN:37,(anonymous_5)
FN:41,(anonymous_6)
FNF:7
FNH:7
FNDA:1,(anonymous_0)
FNDA:3,(anonymous_1)
FNDA:3,(anonymous_2)
FNDA:6,(anonymous_3)
FNDA:4,(anonymous_4)
FNDA:3,(anonymous_5)
FNDA:3,(anonymous_6)
DA:8,1
DA:19,3
DA:24,3
DA:28,6
DA:29,4
DA:30,4
DA:31,4
DA:32,4
DA:34,4
DA:38,3
DA:42,3
DA:43,3
DA:58,1
LF:13
LH:13
BRDA:28,0,0,2
BRDA:28,0,1,4
BRDA:38,1,0,1
BRDA:38,1,1,2
BRDA:38,2,0,3
BRDA:38,2,1,2
BRF:6
BRH:6
end_of_record
TN:
SF:/Users/jgiven/dvl/webapps/Work/vitruvius2.0/src/components/input.js
FN:7,(anonymous_0)
FN:28,(anonymous_1)
FN:33,(anonymous_2)
FN:37,(anonymous_3)
FN:43,(anonymous_4)
FN:59,(anonymous_5)
FN:60,(anonymous_6)
FN:69,(anonymous_7)
FN:82,(anonymous_8)
FN:89,(anonymous_9)
FN:100,(anonymous_10)
FN:108,(anonymous_11)
FN:117,(anonymous_12)
FN:125,(anonymous_13)
FN:135,(anonymous_14)
FN:136,(anonymous_15)
FN:144,(anonymous_16)
FN:146,(anonymous_17)
FN:156,(anonymous_18)
FN:177,(anonymous_19)
FN:185,(anonymous_20)
FN:198,(anonymous_21)
FNF:22
FNH:16
FNDA:1,(anonymous_0)
FNDA:15,(anonymous_1)
FNDA:15,(anonymous_2)
FNDA:15,(anonymous_3)
FNDA:15,(anonymous_4)
FNDA:0,(anonymous_5)
FNDA:3,(anonymous_6)
FNDA:15,(anonymous_7)
FNDA:3,(anonymous_8)
FNDA:9,(anonymous_9)
FNDA:5,(anonymous_10)
FNDA:2,(anonymous_11)
FNDA:1,(anonymous_12)
FNDA:0,(anonymous_13)
FNDA:1,(anonymous_14)
FNDA:0,(anonymous_15)
FNDA:0,(anonymous_16)
FNDA:0,(anonymous_17)
FNDA:0,(anonymous_18)
FNDA:15,(anonymous_19)
FNDA:5,(anonymous_20)
FNDA:15,(anonymous_21)
DA:8,1
DA:29,15
DA:34,15
DA:38,15
DA:39,15
DA:40,15
DA:44,15
DA:45,15
DA:46,1
DA:48,15
DA:49,5
DA:51,15
DA:52,1
DA:55,15
DA:56,15
DA:61,3
DA:62,3
DA:63,3
DA:64,3
DA:70,15
DA:71,15
DA:72,15
DA:73,1
DA:75,15
DA:76,1
DA:78,15
DA:79,1
DA:81,15
DA:82,4
DA:83,3
DA:86,15
DA:90,9
DA:91,8
DA:92,8
DA:93,8
DA:94,3
DA:96,5
DA:101,5
DA:102,5
DA:103,5
DA:104,5
DA:105,5
DA:109,2
DA:110,1
DA:111,1
DA:112,1
DA:113,1
DA:114,1
DA:118,1
DA:119,1
DA:120,1
DA:126,0
DA:127,0
DA:128,0
DA:129,0
DA:130,0
DA:131,0
DA:132,0
DA:136,1
DA:137,0
DA:138,0
DA:139,0
DA:145,0
DA:146,0
DA:148,0
DA:150,0
DA:153,0
DA:158,0
DA:161,0
DA:164,0
DA:165,0
DA:166,0
DA:167,0
DA:168,0
DA:169,0
DA:170,0
DA:172,0
DA:174,0
DA:178,15
DA:179,15
DA:180,15
DA:181,15
DA:182,15
DA:184,15
DA:185,5
DA:186,5
DA:187,5
DA:193,15
DA:194,1
DA:200,15
DA:202,15
DA:249,1
LF:92
LH:66
BRDA:39,0,0,1
BRDA:39,0,1,14
BRDA:45,1,0,1
BRDA:45,1,1,14
BRDA:48,2,0,5
BRDA:48,2,1,10
BRDA:51,3,0,1
BRDA:51,3,1,14
BRDA:62,4,0,0
BRDA:62,4,1,3
BRDA:72,5,0,1
BRDA:72,5,1,14
BRDA:75,6,0,1
BRDA:75,6,1,14
BRDA:78,7,0,1
BRDA:78,7,1,14
BRDA:81,8,0,4
BRDA:81,8,1,11
BRDA:81,9,0,15
BRDA:81,9,1,4
BRDA:90,10,0,1
BRDA:90,10,1,8
BRDA:93,11,0,3
BRDA:93,11,1,5
BRDA:109,12,0,1
BRDA:109,12,1,1
BRDA:119,13,0,0
BRDA:119,13,1,1
BRDA:138,14,0,0
BRDA:138,14,1,0
BRDA:165,15,0,0
BRDA:165,15,1,0
BRDA:167,16,0,0
BRDA:167,16,1,0
BRDA:169,17,0,0
BRDA:169,17,1,0
BRDA:179,18,0,5
BRDA:179,18,1,10
BRDA:180,19,0,4
BRDA:180,19,1,11
BRDA:181,20,0,4
BRDA:181,20,1,11
BRDA:182,21,0,1
BRDA:182,21,1,14
BRDA:184,22,0,5
BRDA:184,22,1,10
BRDA:193,23,0,1
BRDA:193,23,1,14
BRDA:203,24,0,1
BRDA:203,24,1,14
BRF:50
BRH:40
end_of_record
