TN:
SF:/Users/jgiven/dvl/webapps/Work/vitruvius2.0/src/components/button.js
FN:7,(anonymous_0)
FN:18,(anonymous_1)
FN:24,(anonymous_2)
FN:28,(anonymous_3)
FN:31,(anonymous_4)
FN:37,(anonymous_5)
FN:41,(anonymous_6)
FN:53,(anonymous_7)
FNF:8
FNH:8
FNDA:1,(anonymous_0)
FNDA:6,(anonymous_1)
FNDA:6,(anonymous_2)
FNDA:6,(anonymous_3)
FNDA:7,(anonymous_4)
FNDA:6,(anonymous_5)
FNDA:6,(anonymous_6)
FNDA:6,(anonymous_7)
DA:8,1
DA:19,6
DA:20,6
DA:25,6
DA:29,6
DA:30,6
DA:31,6
DA:32,7
DA:34,6
DA:38,6
DA:42,6
DA:43,6
DA:44,1
DA:46,6
DA:47,2
DA:49,4
DA:54,6
DA:60,1
LF:18
LH:18
BRDA:20,0,0,6
BRDA:20,0,1,6
BRDA:38,1,0,1
BRDA:38,1,1,5
BRDA:43,2,0,1
BRDA:43,2,1,5
BRDA:46,3,0,2
BRDA:46,3,1,4
BRDA:47,4,0,2
BRDA:47,4,1,2
BRDA:47,5,0,2
BRDA:47,5,1,2
BRDA:49,6,0,4
BRDA:49,6,1,4
BRF:14
BRH:14
end_of_record
TN:
SF:/Users/jgiven/dvl/webapps/Work/vitruvius2.0/src/components/checkbox.js
FN:7,(anonymous_0)
FN:18,(anonymous_1)
FN:23,(anonymous_2)
FN:27,(anonymous_3)
FN:31,(anonymous_4)
FN:37,(anonymous_5)
FNF:6
FNH:6
FNDA:1,(anonymous_0)
FNDA:3,(anonymous_1)
FNDA:3,(anonymous_2)
FNDA:6,(anonymous_3)
FNDA:4,(anonymous_4)
FNDA:3,(anonymous_5)
DA:8,1
DA:19,3
DA:24,3
DA:28,6
DA:29,4
DA:30,4
DA:31,4
DA:32,4
DA:34,4
DA:38,3
DA:39,3
DA:54,1
LF:12
LH:12
BRDA:28,0,0,2
BRDA:28,0,1,4
BRDA:38,1,0,1
BRDA:38,1,1,2
BRDA:38,2,0,3
BRDA:38,2,1,2
BRF:6
BRH:6
end_of_record
TN:
SF:/Users/jgiven/dvl/webapps/Work/vitruvius2.0/src/components/input.js
FN:7,(anonymous_0)
FN:26,(anonymous_1)
FN:31,(anonymous_2)
FN:35,(anonymous_3)
FN:41,(anonymous_4)
FN:56,(anonymous_5)
FN:57,(anonymous_6)
FN:66,(anonymous_7)
FN:79,(anonymous_8)
FN:86,(anonymous_9)
FN:97,(anonymous_10)
FN:105,(anonymous_11)
FN:114,(anonymous_12)
FN:122,(anonymous_13)
FN:132,(anonymous_14)
FN:133,(anonymous_15)
FN:141,(anonymous_16)
FN:143,(anonymous_17)
FN:153,(anonymous_18)
FN:174,(anonymous_19)
FNF:20
FNH:13
FNDA:1,(anonymous_0)
FNDA:9,(anonymous_1)
FNDA:9,(anonymous_2)
FNDA:9,(anonymous_3)
FNDA:9,(anonymous_4)
FNDA:0,(anonymous_5)
FNDA:2,(anonymous_6)
FNDA:9,(anonymous_7)
FNDA:2,(anonymous_8)
FNDA:3,(anonymous_9)
FNDA:3,(anonymous_10)
FNDA:1,(anonymous_11)
FNDA:0,(anonymous_12)
FNDA:0,(anonymous_13)
FNDA:1,(anonymous_14)
FNDA:0,(anonymous_15)
FNDA:0,(anonymous_16)
FNDA:0,(anonymous_17)
FNDA:0,(anonymous_18)
FNDA:9,(anonymous_19)
DA:8,1
DA:27,9
DA:32,9
DA:36,9
DA:37,9
DA:38,9
DA:42,9
DA:43,9
DA:44,1
DA:46,9
DA:47,0
DA:49,9
DA:50,0
DA:52,9
DA:53,9
DA:58,2
DA:59,2
DA:60,2
DA:61,2
DA:67,9
DA:68,9
DA:69,9
DA:70,1
DA:72,9
DA:73,0
DA:75,9
DA:76,0
DA:78,9
DA:79,2
DA:80,2
DA:83,9
DA:87,3
DA:88,2
DA:89,2
DA:90,2
DA:91,1
DA:93,1
DA:98,3
DA:99,3
DA:100,3
DA:101,3
DA:102,3
DA:106,1
DA:107,0
DA:108,0
DA:109,0
DA:110,0
DA:111,0
DA:115,0
DA:116,0
DA:117,0
DA:123,0
DA:124,0
DA:125,0
DA:126,0
DA:127,0
DA:128,0
DA:129,0
DA:133,1
DA:134,0
DA:135,0
DA:136,0
DA:142,0
DA:143,0
DA:145,0
DA:147,0
DA:150,0
DA:155,0
DA:158,0
DA:161,0
DA:162,0
DA:163,0
DA:164,0
DA:165,0
DA:166,0
DA:167,0
DA:169,0
DA:171,0
DA:176,9
DA:177,9
DA:178,9
DA:179,9
DA:181,9
DA:182,1
DA:183,1
DA:186,9
DA:233,1
LF:87
LH:49
BRDA:37,0,0,1
BRDA:37,0,1,8
BRDA:43,1,0,1
BRDA:43,1,1,8
BRDA:46,2,0,0
BRDA:46,2,1,9
BRDA:49,3,0,0
BRDA:49,3,1,9
BRDA:59,4,0,0
BRDA:59,4,1,2
BRDA:69,5,0,1
BRDA:69,5,1,8
BRDA:72,6,0,0
BRDA:72,6,1,9
BRDA:75,7,0,0
BRDA:75,7,1,9
BRDA:78,8,0,2
BRDA:78,8,1,7
BRDA:78,9,0,9
BRDA:78,9,1,2
BRDA:87,10,0,1
BRDA:87,10,1,2
BRDA:90,11,0,1
BRDA:90,11,1,1
BRDA:106,12,0,1
BRDA:106,12,1,0
BRDA:116,13,0,0
BRDA:116,13,1,0
BRDA:135,14,0,0
BRDA:135,14,1,0
BRDA:162,15,0,0
BRDA:162,15,1,0
BRDA:164,16,0,0
BRDA:164,16,1,0
BRDA:166,17,0,0
BRDA:166,17,1,0
BRDA:176,18,0,2
BRDA:176,18,1,7
BRDA:177,19,0,2
BRDA:177,19,1,7
BRDA:178,20,0,4
BRDA:178,20,1,5
BRDA:179,21,0,1
BRDA:179,21,1,8
BRDA:181,22,0,1
BRDA:181,22,1,8
BRDA:187,23,0,1
BRDA:187,23,1,8
BRF:48
BRH:32
end_of_record
